{
  "stats": {
    "suites": 1,
    "tests": 4,
    "passes": 4,
    "pending": 0,
    "failures": 0,
    "start": "2021-08-13T10:44:25.068Z",
    "end": "2021-08-13T10:44:32.871Z",
    "duration": 7803,
    "testsRegistered": 4,
    "passPercent": 100,
    "pendingPercent": 0,
    "other": 0,
    "hasOther": false,
    "skipped": 0,
    "hasSkipped": false
  },
  "results": [
    {
      "uuid": "bd3f7e13-6b1a-4d5c-8638-94212db74291",
      "title": "",
      "fullFile": "cypress/integration/Tests/ButtonClickTest/ACButtonTest.js",
      "file": "cypress/integration/Tests/ButtonClickTest/ACButtonTest.js",
      "beforeHooks": [],
      "afterHooks": [],
      "tests": [],
      "suites": [
        {
          "uuid": "e6d4473b-6d7e-4754-9ca1-d67551a87742",
          "title": "Automation Test Suite check buttons on click",
          "fullFile": "",
          "file": "",
          "beforeHooks": [],
          "afterHooks": [],
          "tests": [
            {
              "title": "Verify single click on AC button results to 0)",
              "fullTitle": "Automation Test Suite check buttons on click Verify single click on AC button results to 0)",
              "timedOut": null,
              "duration": 710,
              "state": "passed",
              "speed": "slow",
              "pass": true,
              "fail": false,
              "pending": false,
              "context": null,
              "code": "calculatorPage.getACKey().click();\ncalculatorPage.getResult().should(\"have.text\", \"0\");",
              "err": {},
              "uuid": "955697cb-7ee0-4d49-92e5-bcdb682427b1",
              "parentUUID": "e6d4473b-6d7e-4754-9ca1-d67551a87742",
              "isHook": false,
              "skipped": false
            },
            {
              "title": "Verify multiple clicks on AC button leads to result 0",
              "fullTitle": "Automation Test Suite check buttons on click Verify multiple clicks on AC button leads to result 0",
              "timedOut": null,
              "duration": 487,
              "state": "passed",
              "speed": "slow",
              "pass": true,
              "fail": false,
              "pending": false,
              "context": null,
              "code": "calculatorPage.getACKey().click();\ncalculatorPage.getACKey().click();\ncalculatorPage.getACKey().click();\ncalculatorPage.getResult().should(\"have.text\", \"0\");",
              "err": {},
              "uuid": "e7957f07-6464-496c-8cdc-ae9fb868bdfe",
              "parentUUID": "e6d4473b-6d7e-4754-9ca1-d67551a87742",
              "isHook": false,
              "skipped": false
            },
            {
              "title": "Verify AC button click should make result 0 after clicking any number between 1 to 9 one time",
              "fullTitle": "Automation Test Suite check buttons on click Verify AC button click should make result 0 after clicking any number between 1 to 9 one time",
              "timedOut": null,
              "duration": 2013,
              "state": "passed",
              "speed": "slow",
              "pass": true,
              "fail": false,
              "pending": false,
              "context": null,
              "code": "calculatorPage.getOneKey().click();\ncalculatorPage.getACKey().click();\ncalculatorPage.getResult().should(\"have.text\", \"0\");\ncalculatorPage.getTwoKey().click();\ncalculatorPage.getACKey().click();\ncalculatorPage.getResult().should(\"have.text\", \"0\");\ncalculatorPage.getThreeKey().click();\ncalculatorPage.getACKey().click();\ncalculatorPage.getResult().should(\"have.text\", \"0\");\ncalculatorPage.getFourKey().click();\ncalculatorPage.getACKey().click();\ncalculatorPage.getResult().should(\"have.text\", \"0\");\ncalculatorPage.getFiveKey().click();\ncalculatorPage.getACKey().click();\ncalculatorPage.getResult().should(\"have.text\", \"0\");\ncalculatorPage.getSixKey().click();\ncalculatorPage.getACKey().click();\ncalculatorPage.getResult().should(\"have.text\", \"0\");\ncalculatorPage.getSevenKey().click();\ncalculatorPage.getACKey().click();\ncalculatorPage.getResult().should(\"have.text\", \"0\");\ncalculatorPage.getEightKey().click();\ncalculatorPage.getACKey().click();\ncalculatorPage.getResult().should(\"have.text\", \"0\");\ncalculatorPage.getNineKey().click();\ncalculatorPage.getACKey().click();\ncalculatorPage.getResult().should(\"have.text\", \"0\");",
              "err": {},
              "uuid": "41643218-2715-440a-94ad-983281aa6135",
              "parentUUID": "e6d4473b-6d7e-4754-9ca1-d67551a87742",
              "isHook": false,
              "skipped": false
            },
            {
              "title": "Verify AC button click should make result 0 after clicking any digit any time",
              "fullTitle": "Automation Test Suite check buttons on click Verify AC button click should make result 0 after clicking any digit any time",
              "timedOut": null,
              "duration": 3006,
              "state": "passed",
              "speed": "slow",
              "pass": true,
              "fail": false,
              "pending": false,
              "context": null,
              "code": "calculatorPage.getOneKey().click();\ncalculatorPage.getOneKey().click();\ncalculatorPage.getACKey().click();\ncalculatorPage.getResult().should(\"have.text\", \"0\");\ncalculatorPage.getTwoKey().click();\ncalculatorPage.getNineKey().click();\ncalculatorPage.getTwoKey().click();\ncalculatorPage.getTwoKey().click();\ncalculatorPage.getNineKey().click();\ncalculatorPage.getACKey().click();\ncalculatorPage.getResult().should(\"have.text\", \"0\");\ncalculatorPage.getThreeKey().click();\ncalculatorPage.getACKey().click();\ncalculatorPage.getResult().should(\"have.text\", \"0\");\ncalculatorPage.getFourKey().click();\ncalculatorPage.getFourKey().click();\ncalculatorPage.getFourKey().click();\ncalculatorPage.getFourKey().click();\ncalculatorPage.getACKey().click();\ncalculatorPage.getResult().should(\"have.text\", \"0\");\ncalculatorPage.getFiveKey().click();\ncalculatorPage.getACKey().click();\ncalculatorPage.getResult().should(\"have.text\", \"0\");\ncalculatorPage.getSixKey().click();\ncalculatorPage.getACKey().click();\ncalculatorPage.getResult().should(\"have.text\", \"0\");\ncalculatorPage.getSevenKey().click();\ncalculatorPage.getSevenKey().click();\ncalculatorPage.getACKey().click();\ncalculatorPage.getResult().should(\"have.text\", \"0\");\ncalculatorPage.getEightKey().click();\ncalculatorPage.getSevenKey().click();\ncalculatorPage.getACKey().click();\ncalculatorPage.getResult().should(\"have.text\", \"0\");\ncalculatorPage.getNineKey().click();\ncalculatorPage.getACKey().click();\ncalculatorPage.getResult().should(\"have.text\", \"0\");",
              "err": {},
              "uuid": "47d25857-f2f0-4c5b-b187-2587d64bac2c",
              "parentUUID": "e6d4473b-6d7e-4754-9ca1-d67551a87742",
              "isHook": false,
              "skipped": false
            }
          ],
          "suites": [],
          "passes": [
            "955697cb-7ee0-4d49-92e5-bcdb682427b1",
            "e7957f07-6464-496c-8cdc-ae9fb868bdfe",
            "41643218-2715-440a-94ad-983281aa6135",
            "47d25857-f2f0-4c5b-b187-2587d64bac2c"
          ],
          "failures": [],
          "pending": [],
          "skipped": [],
          "duration": 6216,
          "root": false,
          "rootEmpty": false,
          "_timeout": 2000
        }
      ],
      "passes": [],
      "failures": [],
      "pending": [],
      "skipped": [],
      "duration": 0,
      "root": true,
      "rootEmpty": true,
      "_timeout": 2000
    }
  ],
  "meta": {
    "mocha": {
      "version": "7.0.1"
    },
    "mochawesome": {
      "options": {
        "quiet": false,
        "reportFilename": "mochawesome",
        "saveHtml": true,
        "saveJson": true,
        "consoleReporter": "spec",
        "useInlineDiffs": false,
        "code": true
      },
      "version": "6.2.2"
    },
    "marge": {
      "options": {
        "reportDir": "cypress/reports",
        "reportFileName": "reports",
        "overwrite": "false",
        "html": "true",
        "json": "true"
      },
      "version": "5.2.0"
    }
  }
}