{
  "stats": {
    "suites": 1,
    "tests": 7,
    "passes": 7,
    "pending": 0,
    "failures": 0,
    "start": "2021-08-13T10:44:09.523Z",
    "end": "2021-08-13T10:44:18.447Z",
    "duration": 8924,
    "testsRegistered": 7,
    "passPercent": 100,
    "pendingPercent": 0,
    "other": 0,
    "hasOther": false,
    "skipped": 0,
    "hasSkipped": false
  },
  "results": [
    {
      "uuid": "9fc963da-2558-41bf-9407-72d2593e15fb",
      "title": "",
      "fullFile": "cypress/integration/Tests/AdditionTest/Test1.js",
      "file": "cypress/integration/Tests/AdditionTest/Test1.js",
      "beforeHooks": [],
      "afterHooks": [],
      "tests": [],
      "suites": [
        {
          "uuid": "93c194b5-6480-4798-a536-b82204e8a624",
          "title": "Automation Test Suite to check Addition",
          "fullFile": "",
          "file": "",
          "beforeHooks": [],
          "afterHooks": [],
          "tests": [
            {
              "title": "Add 2 single digit numbers",
              "fullTitle": "Automation Test Suite to check Addition Add 2 single digit numbers",
              "timedOut": null,
              "duration": 3265,
              "state": "passed",
              "speed": "slow",
              "pass": true,
              "fail": false,
              "pending": false,
              "context": null,
              "code": "calculatorPage.getACKey().click();\ncalculatorPage.getFiveKey().click(); //5\ncalculatorPage.getResult().should(\"have.text\", \"5\");\ncalculatorPage.getPlusKey().click(); //+\ncalculatorPage.getResult().should(\"have.text\", \"5\");\ncalculatorPage.getThreeKey().click(); //3\ncalculatorPage.getResult().should(\"have.text\", \"3\");\ncalculatorPage.getEqualsKey().click();\ncalculatorPage.getResult().should(\"have.text\", \"8\"); //8\ncalculatorPage.getACKey().click();\ncalculatorPage.getNineKey().click(); //9\ncalculatorPage.getResult().should(\"have.text\", \"9\");\ncalculatorPage.getPlusKey().click(); //+\ncalculatorPage.getResult().should(\"have.text\", \"9\");\ncalculatorPage.getSevenKey().click(); //7\ncalculatorPage.getResult().should(\"have.text\", \"7\");\ncalculatorPage.getEqualsKey().click();\ncalculatorPage.getResult().should(\"have.text\", \"16\");\ncalculatorPage.getACKey().click();\ncalculatorPage.getResult().should(\"have.text\", \"0\");\ncalculatorPage.getOneKey().click(); //1\ncalculatorPage.getResult().should(\"have.text\", \"1\");\ncalculatorPage.getPlusKey().click(); //+\ncalculatorPage.getResult().should(\"have.text\", \"1\");\ncalculatorPage.getEightKey().click(); //8\ncalculatorPage.getResult().should(\"have.text\", \"8\");\ncalculatorPage.getEqualsKey().click();\ncalculatorPage.getResult().should(\"have.text\", \"9\");\ncalculatorPage.getACKey().click();\ncalculatorPage.getResult().should(\"have.text\", \"0\");\ncalculatorPage.getFourKey().click(); //4\ncalculatorPage.getResult().should(\"have.text\", \"4\");\ncalculatorPage.getPlusKey().click(); //+\ncalculatorPage.getResult().should(\"have.text\", \"4\");\ncalculatorPage.getSixKey().click(); //6\ncalculatorPage.getResult().should(\"have.text\", \"6\");\ncalculatorPage.getEqualsKey().click();\ncalculatorPage.getResult().should(\"have.text\", \"10\");",
              "err": {},
              "uuid": "79fca9e8-7f32-4b86-94e4-119f18d37b6b",
              "parentUUID": "93c194b5-6480-4798-a536-b82204e8a624",
              "isHook": false,
              "skipped": false
            },
            {
              "title": "Verify addition of 2 digits numbers",
              "fullTitle": "Automation Test Suite to check Addition Verify addition of 2 digits numbers",
              "timedOut": null,
              "duration": 924,
              "state": "passed",
              "speed": "slow",
              "pass": true,
              "fail": false,
              "pending": false,
              "context": null,
              "code": "calculatorPage.getACKey().click();\ncalculatorPage.getResult().should(\"have.text\", \"0\");\ncalculatorPage.getSevenKey().click(); //7\ncalculatorPage.getResult().should(\"have.text\", \"7\");\ncalculatorPage.getOneKey().click(); //71\ncalculatorPage.getResult().should(\"have.text\", \"71\");\ncalculatorPage.getPlusKey().click(); //71\ncalculatorPage.getResult().should(\"have.text\", \"71\");\ncalculatorPage.getEightKey().click(); //8\ncalculatorPage.getResult().should(\"have.text\", \"8\");\ncalculatorPage.getNineKey().click(); //89\ncalculatorPage.getResult().should(\"have.text\", \"89\");\ncalculatorPage.getEqualsKey().click(); //160\ncalculatorPage.getResult().should(\"have.text\", \"160\");",
              "err": {},
              "uuid": "e9748352-d289-4db6-b1ae-67aa3e822d9d",
              "parentUUID": "93c194b5-6480-4798-a536-b82204e8a624",
              "isHook": false,
              "skipped": false
            },
            {
              "title": "Verify cliking on + button after clicking +/- results nothing",
              "fullTitle": "Automation Test Suite to check Addition Verify cliking on + button after clicking +/- results nothing",
              "timedOut": null,
              "duration": 498,
              "state": "passed",
              "speed": "slow",
              "pass": true,
              "fail": false,
              "pending": false,
              "context": null,
              "code": "calculatorPage.getACKey().click();\ncalculatorPage.getPlusMinusKey().click();\ncalculatorPage.getResult().should(\"have.text\", \"0\");\ncalculatorPage.getPlusKey().click();\ncalculatorPage.getResult().should(\"have.text\", \"0\");",
              "err": {},
              "uuid": "73521167-735d-42b4-ae07-7389c0b0bfcc",
              "parentUUID": "93c194b5-6480-4798-a536-b82204e8a624",
              "isHook": false,
              "skipped": false
            },
            {
              "title": "Verify cliking on + button after clicking % results nothing",
              "fullTitle": "Automation Test Suite to check Addition Verify cliking on + button after clicking % results nothing",
              "timedOut": null,
              "duration": 467,
              "state": "passed",
              "speed": "slow",
              "pass": true,
              "fail": false,
              "pending": false,
              "context": null,
              "code": "calculatorPage.getACKey().click();\ncalculatorPage.getPercentageKey().click();\ncalculatorPage.getResult().should(\"have.text\", \"0\");\ncalculatorPage.getPlusKey().click();\ncalculatorPage.getResult().should(\"have.text\", \"0\");",
              "err": {},
              "uuid": "4c677e86-4e89-4cc8-ae4c-53d7f711f5da",
              "parentUUID": "93c194b5-6480-4798-a536-b82204e8a624",
              "isHook": false,
              "skipped": false
            },
            {
              "title": "Verify cliking on + button after clicking division button results nothing",
              "fullTitle": "Automation Test Suite to check Addition Verify cliking on + button after clicking division button results nothing",
              "timedOut": null,
              "duration": 498,
              "state": "passed",
              "speed": "slow",
              "pass": true,
              "fail": false,
              "pending": false,
              "context": null,
              "code": "calculatorPage.getACKey().click();\ncalculatorPage.getDivisionKey().click();\ncalculatorPage.getResult().should(\"have.text\", \"0\");\ncalculatorPage.getPlusKey().click();\ncalculatorPage.getResult().should(\"have.text\", \"0\");",
              "err": {},
              "uuid": "97bd791f-326c-436d-9dfb-72faa89431e9",
              "parentUUID": "93c194b5-6480-4798-a536-b82204e8a624",
              "isHook": false,
              "skipped": false
            },
            {
              "title": "Verify cliking on + button after clicking multiplication button results nothing",
              "fullTitle": "Automation Test Suite to check Addition Verify cliking on + button after clicking multiplication button results nothing",
              "timedOut": null,
              "duration": 516,
              "state": "passed",
              "speed": "slow",
              "pass": true,
              "fail": false,
              "pending": false,
              "context": null,
              "code": "calculatorPage.getACKey().click();\ncalculatorPage.getMultiplicationKey().click();\ncalculatorPage.getResult().should(\"have.text\", \"0\");\ncalculatorPage.getPlusKey().click();\ncalculatorPage.getResult().should(\"have.text\", \"0\");",
              "err": {},
              "uuid": "84a60f32-6984-4bbd-b54e-6506ea900ea6",
              "parentUUID": "93c194b5-6480-4798-a536-b82204e8a624",
              "isHook": false,
              "skipped": false
            },
            {
              "title": "Verify cliking on + button after clicking minus button results nothing",
              "fullTitle": "Automation Test Suite to check Addition Verify cliking on + button after clicking minus button results nothing",
              "timedOut": null,
              "duration": 538,
              "state": "passed",
              "speed": "slow",
              "pass": true,
              "fail": false,
              "pending": false,
              "context": null,
              "code": "calculatorPage.getACKey().click();\ncalculatorPage.getMinusKey().click();\ncalculatorPage.getResult().should(\"have.text\", \"0\");\ncalculatorPage.getPlusKey().click();\ncalculatorPage.getResult().should(\"have.text\", \"0\");",
              "err": {},
              "uuid": "2e0287b9-9038-4f3d-92e3-93fcb1ba3967",
              "parentUUID": "93c194b5-6480-4798-a536-b82204e8a624",
              "isHook": false,
              "skipped": false
            }
          ],
          "suites": [],
          "passes": [
            "79fca9e8-7f32-4b86-94e4-119f18d37b6b",
            "e9748352-d289-4db6-b1ae-67aa3e822d9d",
            "73521167-735d-42b4-ae07-7389c0b0bfcc",
            "4c677e86-4e89-4cc8-ae4c-53d7f711f5da",
            "97bd791f-326c-436d-9dfb-72faa89431e9",
            "84a60f32-6984-4bbd-b54e-6506ea900ea6",
            "2e0287b9-9038-4f3d-92e3-93fcb1ba3967"
          ],
          "failures": [],
          "pending": [],
          "skipped": [],
          "duration": 6706,
          "root": false,
          "rootEmpty": false,
          "_timeout": 2000
        }
      ],
      "passes": [],
      "failures": [],
      "pending": [],
      "skipped": [],
      "duration": 0,
      "root": true,
      "rootEmpty": true,
      "_timeout": 2000
    }
  ],
  "meta": {
    "mocha": {
      "version": "7.0.1"
    },
    "mochawesome": {
      "options": {
        "quiet": false,
        "reportFilename": "mochawesome",
        "saveHtml": true,
        "saveJson": true,
        "consoleReporter": "spec",
        "useInlineDiffs": false,
        "code": true
      },
      "version": "6.2.2"
    },
    "marge": {
      "options": {
        "reportDir": "cypress/reports",
        "reportFileName": "reports",
        "overwrite": "false",
        "html": "true",
        "json": "true"
      },
      "version": "5.2.0"
    }
  }
}