{
  "stats": {
    "suites": 1,
    "tests": 3,
    "passes": 3,
    "pending": 0,
    "failures": 0,
    "start": "2021-08-13T10:44:39.058Z",
    "end": "2021-08-13T10:44:43.805Z",
    "duration": 4747,
    "testsRegistered": 3,
    "passPercent": 100,
    "pendingPercent": 0,
    "other": 0,
    "hasOther": false,
    "skipped": 0,
    "hasSkipped": false
  },
  "results": [
    {
      "uuid": "3ef46578-729f-4fef-998c-9ea8404dc85b",
      "title": "",
      "fullFile": "cypress/integration/Tests/ButtonClickTest/EqualsButtonTest.js",
      "file": "cypress/integration/Tests/ButtonClickTest/EqualsButtonTest.js",
      "beforeHooks": [],
      "afterHooks": [],
      "tests": [],
      "suites": [
        {
          "uuid": "d7ebdbc1-a4b5-43eb-81a6-6c9a6cf311a6",
          "title": "Automation Test Suite to check Equals Button",
          "fullFile": "",
          "file": "",
          "beforeHooks": [],
          "afterHooks": [],
          "tests": [
            {
              "title": "Verify single click on equals button results nothing if no any numeric key is clicked before",
              "fullTitle": "Automation Test Suite to check Equals Button Verify single click on equals button results nothing if no any numeric key is clicked before",
              "timedOut": null,
              "duration": 1943,
              "state": "passed",
              "speed": "slow",
              "pass": true,
              "fail": false,
              "pending": false,
              "context": null,
              "code": "calculatorPage.getEqualsKey().click();\ncalculatorPage.getResult().should(\"have.text\", \"0\");",
              "err": {},
              "uuid": "f7067746-d067-4436-84d0-c2354fc252a2",
              "parentUUID": "d7ebdbc1-a4b5-43eb-81a6-6c9a6cf311a6",
              "isHook": false,
              "skipped": false
            },
            {
              "title": "Verify multiple click on equals button results nothing if no any numeric key is clicked before",
              "fullTitle": "Automation Test Suite to check Equals Button Verify multiple click on equals button results nothing if no any numeric key is clicked before",
              "timedOut": null,
              "duration": 471,
              "state": "passed",
              "speed": "slow",
              "pass": true,
              "fail": false,
              "pending": false,
              "context": null,
              "code": "calculatorPage.getEqualsKey().click();\ncalculatorPage.getEqualsKey().click();\ncalculatorPage.getEqualsKey().click();\ncalculatorPage.getResult().should(\"have.text\", \"0\");",
              "err": {},
              "uuid": "6d380a44-6843-4dd5-a2c3-809c42923826",
              "parentUUID": "d7ebdbc1-a4b5-43eb-81a6-6c9a6cf311a6",
              "isHook": false,
              "skipped": false
            },
            {
              "title": "Verify the equals button when equals key is pressed folowed by any numeric key single time",
              "fullTitle": "Automation Test Suite to check Equals Button Verify the equals button when equals key is pressed folowed by any numeric key single time",
              "timedOut": null,
              "duration": 791,
              "state": "passed",
              "speed": "slow",
              "pass": true,
              "fail": false,
              "pending": false,
              "context": null,
              "code": "calculatorPage.getZeroKey().click();\ncalculatorPage.getEqualsKey().click();\ncalculatorPage.getResult().should(\"have.text\", \"0\");\ncalculatorPage.getOneKey().click();\ncalculatorPage.getEqualsKey().click();\ncalculatorPage.getResult().should(\"have.text\", \"1\");\ncalculatorPage.getTwoKey().click();\ncalculatorPage.getEqualsKey().click();\ncalculatorPage.getResult().should(\"have.text\", \"12\");",
              "err": {},
              "uuid": "257e61ea-516d-4fff-9de1-416282224f12",
              "parentUUID": "d7ebdbc1-a4b5-43eb-81a6-6c9a6cf311a6",
              "isHook": false,
              "skipped": false
            }
          ],
          "suites": [],
          "passes": [
            "f7067746-d067-4436-84d0-c2354fc252a2",
            "6d380a44-6843-4dd5-a2c3-809c42923826",
            "257e61ea-516d-4fff-9de1-416282224f12"
          ],
          "failures": [],
          "pending": [],
          "skipped": [],
          "duration": 3205,
          "root": false,
          "rootEmpty": false,
          "_timeout": 2000
        }
      ],
      "passes": [],
      "failures": [],
      "pending": [],
      "skipped": [],
      "duration": 0,
      "root": true,
      "rootEmpty": true,
      "_timeout": 2000
    }
  ],
  "meta": {
    "mocha": {
      "version": "7.0.1"
    },
    "mochawesome": {
      "options": {
        "quiet": false,
        "reportFilename": "mochawesome",
        "saveHtml": true,
        "saveJson": true,
        "consoleReporter": "spec",
        "useInlineDiffs": false,
        "code": true
      },
      "version": "6.2.2"
    },
    "marge": {
      "options": {
        "reportDir": "cypress/reports",
        "reportFileName": "reports",
        "overwrite": "false",
        "html": "true",
        "json": "true"
      },
      "version": "5.2.0"
    }
  }
}