{
  "stats": {
    "suites": 5,
    "tests": 17,
    "passes": 16,
    "pending": 0,
    "failures": 1,
    "start": "2021-08-13T10:44:09.523Z",
    "end": "2021-08-13T10:45:01.460Z",
    "duration": 20340,
    "testsRegistered": 17,
    "passPercent": 94.11764705882354,
    "pendingPercent": 0,
    "other": 0,
    "hasOther": false,
    "skipped": 0,
    "hasSkipped": false
  },
  "results": [
    {
      "uuid": "bd3f7e13-6b1a-4d5c-8638-94212db74291",
      "title": "",
      "fullFile": "cypress/integration/Tests/ButtonClickTest/ACButtonTest.js",
      "file": "cypress/integration/Tests/ButtonClickTest/ACButtonTest.js",
      "beforeHooks": [],
      "afterHooks": [],
      "tests": [],
      "suites": [
        {
          "uuid": "e6d4473b-6d7e-4754-9ca1-d67551a87742",
          "title": "Automation Test Suite check buttons on click",
          "fullFile": "",
          "file": "",
          "beforeHooks": [],
          "afterHooks": [],
          "tests": [
            {
              "title": "Verify single click on AC button results to 0)",
              "fullTitle": "Automation Test Suite check buttons on click Verify single click on AC button results to 0)",
              "timedOut": null,
              "duration": 710,
              "state": "passed",
              "speed": "slow",
              "pass": true,
              "fail": false,
              "pending": false,
              "context": null,
              "code": "calculatorPage.getACKey().click();\ncalculatorPage.getResult().should(\"have.text\", \"0\");",
              "err": {},
              "uuid": "955697cb-7ee0-4d49-92e5-bcdb682427b1",
              "parentUUID": "e6d4473b-6d7e-4754-9ca1-d67551a87742",
              "isHook": false,
              "skipped": false
            },
            {
              "title": "Verify multiple clicks on AC button leads to result 0",
              "fullTitle": "Automation Test Suite check buttons on click Verify multiple clicks on AC button leads to result 0",
              "timedOut": null,
              "duration": 487,
              "state": "passed",
              "speed": "slow",
              "pass": true,
              "fail": false,
              "pending": false,
              "context": null,
              "code": "calculatorPage.getACKey().click();\ncalculatorPage.getACKey().click();\ncalculatorPage.getACKey().click();\ncalculatorPage.getResult().should(\"have.text\", \"0\");",
              "err": {},
              "uuid": "e7957f07-6464-496c-8cdc-ae9fb868bdfe",
              "parentUUID": "e6d4473b-6d7e-4754-9ca1-d67551a87742",
              "isHook": false,
              "skipped": false
            },
            {
              "title": "Verify AC button click should make result 0 after clicking any number between 1 to 9 one time",
              "fullTitle": "Automation Test Suite check buttons on click Verify AC button click should make result 0 after clicking any number between 1 to 9 one time",
              "timedOut": null,
              "duration": 2013,
              "state": "passed",
              "speed": "slow",
              "pass": true,
              "fail": false,
              "pending": false,
              "context": null,
              "code": "calculatorPage.getOneKey().click();\ncalculatorPage.getACKey().click();\ncalculatorPage.getResult().should(\"have.text\", \"0\");\ncalculatorPage.getTwoKey().click();\ncalculatorPage.getACKey().click();\ncalculatorPage.getResult().should(\"have.text\", \"0\");\ncalculatorPage.getThreeKey().click();\ncalculatorPage.getACKey().click();\ncalculatorPage.getResult().should(\"have.text\", \"0\");\ncalculatorPage.getFourKey().click();\ncalculatorPage.getACKey().click();\ncalculatorPage.getResult().should(\"have.text\", \"0\");\ncalculatorPage.getFiveKey().click();\ncalculatorPage.getACKey().click();\ncalculatorPage.getResult().should(\"have.text\", \"0\");\ncalculatorPage.getSixKey().click();\ncalculatorPage.getACKey().click();\ncalculatorPage.getResult().should(\"have.text\", \"0\");\ncalculatorPage.getSevenKey().click();\ncalculatorPage.getACKey().click();\ncalculatorPage.getResult().should(\"have.text\", \"0\");\ncalculatorPage.getEightKey().click();\ncalculatorPage.getACKey().click();\ncalculatorPage.getResult().should(\"have.text\", \"0\");\ncalculatorPage.getNineKey().click();\ncalculatorPage.getACKey().click();\ncalculatorPage.getResult().should(\"have.text\", \"0\");",
              "err": {},
              "uuid": "41643218-2715-440a-94ad-983281aa6135",
              "parentUUID": "e6d4473b-6d7e-4754-9ca1-d67551a87742",
              "isHook": false,
              "skipped": false
            },
            {
              "title": "Verify AC button click should make result 0 after clicking any digit any time",
              "fullTitle": "Automation Test Suite check buttons on click Verify AC button click should make result 0 after clicking any digit any time",
              "timedOut": null,
              "duration": 3006,
              "state": "passed",
              "speed": "slow",
              "pass": true,
              "fail": false,
              "pending": false,
              "context": null,
              "code": "calculatorPage.getOneKey().click();\ncalculatorPage.getOneKey().click();\ncalculatorPage.getACKey().click();\ncalculatorPage.getResult().should(\"have.text\", \"0\");\ncalculatorPage.getTwoKey().click();\ncalculatorPage.getNineKey().click();\ncalculatorPage.getTwoKey().click();\ncalculatorPage.getTwoKey().click();\ncalculatorPage.getNineKey().click();\ncalculatorPage.getACKey().click();\ncalculatorPage.getResult().should(\"have.text\", \"0\");\ncalculatorPage.getThreeKey().click();\ncalculatorPage.getACKey().click();\ncalculatorPage.getResult().should(\"have.text\", \"0\");\ncalculatorPage.getFourKey().click();\ncalculatorPage.getFourKey().click();\ncalculatorPage.getFourKey().click();\ncalculatorPage.getFourKey().click();\ncalculatorPage.getACKey().click();\ncalculatorPage.getResult().should(\"have.text\", \"0\");\ncalculatorPage.getFiveKey().click();\ncalculatorPage.getACKey().click();\ncalculatorPage.getResult().should(\"have.text\", \"0\");\ncalculatorPage.getSixKey().click();\ncalculatorPage.getACKey().click();\ncalculatorPage.getResult().should(\"have.text\", \"0\");\ncalculatorPage.getSevenKey().click();\ncalculatorPage.getSevenKey().click();\ncalculatorPage.getACKey().click();\ncalculatorPage.getResult().should(\"have.text\", \"0\");\ncalculatorPage.getEightKey().click();\ncalculatorPage.getSevenKey().click();\ncalculatorPage.getACKey().click();\ncalculatorPage.getResult().should(\"have.text\", \"0\");\ncalculatorPage.getNineKey().click();\ncalculatorPage.getACKey().click();\ncalculatorPage.getResult().should(\"have.text\", \"0\");",
              "err": {},
              "uuid": "47d25857-f2f0-4c5b-b187-2587d64bac2c",
              "parentUUID": "e6d4473b-6d7e-4754-9ca1-d67551a87742",
              "isHook": false,
              "skipped": false
            }
          ],
          "suites": [],
          "passes": [
            "955697cb-7ee0-4d49-92e5-bcdb682427b1",
            "e7957f07-6464-496c-8cdc-ae9fb868bdfe",
            "41643218-2715-440a-94ad-983281aa6135",
            "47d25857-f2f0-4c5b-b187-2587d64bac2c"
          ],
          "failures": [],
          "pending": [],
          "skipped": [],
          "duration": 6216,
          "root": false,
          "rootEmpty": false,
          "_timeout": 2000
        }
      ],
      "passes": [],
      "failures": [],
      "pending": [],
      "skipped": [],
      "duration": 0,
      "root": true,
      "rootEmpty": true,
      "_timeout": 2000
    },
    {
      "uuid": "3ef46578-729f-4fef-998c-9ea8404dc85b",
      "title": "",
      "fullFile": "cypress/integration/Tests/ButtonClickTest/EqualsButtonTest.js",
      "file": "cypress/integration/Tests/ButtonClickTest/EqualsButtonTest.js",
      "beforeHooks": [],
      "afterHooks": [],
      "tests": [],
      "suites": [
        {
          "uuid": "d7ebdbc1-a4b5-43eb-81a6-6c9a6cf311a6",
          "title": "Automation Test Suite to check Equals Button",
          "fullFile": "",
          "file": "",
          "beforeHooks": [],
          "afterHooks": [],
          "tests": [
            {
              "title": "Verify single click on equals button results nothing if no any numeric key is clicked before",
              "fullTitle": "Automation Test Suite to check Equals Button Verify single click on equals button results nothing if no any numeric key is clicked before",
              "timedOut": null,
              "duration": 1943,
              "state": "passed",
              "speed": "slow",
              "pass": true,
              "fail": false,
              "pending": false,
              "context": null,
              "code": "calculatorPage.getEqualsKey().click();\ncalculatorPage.getResult().should(\"have.text\", \"0\");",
              "err": {},
              "uuid": "f7067746-d067-4436-84d0-c2354fc252a2",
              "parentUUID": "d7ebdbc1-a4b5-43eb-81a6-6c9a6cf311a6",
              "isHook": false,
              "skipped": false
            },
            {
              "title": "Verify multiple click on equals button results nothing if no any numeric key is clicked before",
              "fullTitle": "Automation Test Suite to check Equals Button Verify multiple click on equals button results nothing if no any numeric key is clicked before",
              "timedOut": null,
              "duration": 471,
              "state": "passed",
              "speed": "slow",
              "pass": true,
              "fail": false,
              "pending": false,
              "context": null,
              "code": "calculatorPage.getEqualsKey().click();\ncalculatorPage.getEqualsKey().click();\ncalculatorPage.getEqualsKey().click();\ncalculatorPage.getResult().should(\"have.text\", \"0\");",
              "err": {},
              "uuid": "6d380a44-6843-4dd5-a2c3-809c42923826",
              "parentUUID": "d7ebdbc1-a4b5-43eb-81a6-6c9a6cf311a6",
              "isHook": false,
              "skipped": false
            },
            {
              "title": "Verify the equals button when equals key is pressed folowed by any numeric key single time",
              "fullTitle": "Automation Test Suite to check Equals Button Verify the equals button when equals key is pressed folowed by any numeric key single time",
              "timedOut": null,
              "duration": 791,
              "state": "passed",
              "speed": "slow",
              "pass": true,
              "fail": false,
              "pending": false,
              "context": null,
              "code": "calculatorPage.getZeroKey().click();\ncalculatorPage.getEqualsKey().click();\ncalculatorPage.getResult().should(\"have.text\", \"0\");\ncalculatorPage.getOneKey().click();\ncalculatorPage.getEqualsKey().click();\ncalculatorPage.getResult().should(\"have.text\", \"1\");\ncalculatorPage.getTwoKey().click();\ncalculatorPage.getEqualsKey().click();\ncalculatorPage.getResult().should(\"have.text\", \"12\");",
              "err": {},
              "uuid": "257e61ea-516d-4fff-9de1-416282224f12",
              "parentUUID": "d7ebdbc1-a4b5-43eb-81a6-6c9a6cf311a6",
              "isHook": false,
              "skipped": false
            }
          ],
          "suites": [],
          "passes": [
            "f7067746-d067-4436-84d0-c2354fc252a2",
            "6d380a44-6843-4dd5-a2c3-809c42923826",
            "257e61ea-516d-4fff-9de1-416282224f12"
          ],
          "failures": [],
          "pending": [],
          "skipped": [],
          "duration": 3205,
          "root": false,
          "rootEmpty": false,
          "_timeout": 2000
        }
      ],
      "passes": [],
      "failures": [],
      "pending": [],
      "skipped": [],
      "duration": 0,
      "root": true,
      "rootEmpty": true,
      "_timeout": 2000
    },
    {
      "uuid": "938572f8-8b1d-4487-bc17-5b6a16d67459",
      "title": "",
      "fullFile": "cypress/integration/Tests/DecimalTest/BasicDecimalTest.js",
      "file": "cypress/integration/Tests/DecimalTest/BasicDecimalTest.js",
      "beforeHooks": [],
      "afterHooks": [],
      "tests": [],
      "suites": [
        {
          "uuid": "8363f36f-4665-40b1-996d-de949c887a6f",
          "title": "Automation Test Suite to test basic functionality of decimal",
          "fullFile": "",
          "file": "",
          "beforeHooks": [],
          "afterHooks": [],
          "tests": [
            {
              "title": "Verify only one decimal is displayed in ouptut if clicked multipletimes",
              "fullTitle": "Automation Test Suite to test basic functionality of decimal Verify only one decimal is displayed in ouptut if clicked multipletimes",
              "timedOut": null,
              "duration": 1485,
              "state": "passed",
              "speed": "slow",
              "pass": true,
              "fail": false,
              "pending": false,
              "context": null,
              "code": "calculatorPage.getACKey().click();\ncalculatorPage.getDecimalKey().click();\ncalculatorPage.getResult().should(\"have.text\", \"0.\");\ncalculatorPage.getDecimalKey().click();\ncalculatorPage.getDecimalKey().click();\ncalculatorPage.getResult().should(\"have.text\", \"0.\");\ncalculatorPage.getFiveKey().click();\ncalculatorPage.getResult().should(\"have.text\", \"0.5\");\ncalculatorPage.getZeroKey().click();\ncalculatorPage.getResult().should(\"have.text\", \"0.50\");",
              "err": {},
              "uuid": "43025232-60f2-41f4-865b-5f72fe093f70",
              "parentUUID": "8363f36f-4665-40b1-996d-de949c887a6f",
              "isHook": false,
              "skipped": false
            }
          ],
          "suites": [],
          "passes": [
            "43025232-60f2-41f4-865b-5f72fe093f70"
          ],
          "failures": [],
          "pending": [],
          "skipped": [],
          "duration": 1485,
          "root": false,
          "rootEmpty": false,
          "_timeout": 2000
        }
      ],
      "passes": [],
      "failures": [],
      "pending": [],
      "skipped": [],
      "duration": 0,
      "root": true,
      "rootEmpty": true,
      "_timeout": 2000
    },
    {
      "uuid": "729c0140-6644-4078-ac01-495bcaf97dbd",
      "title": "",
      "fullFile": "cypress/integration/Tests/DivisionTest/BasicDivisionTest.js",
      "file": "cypress/integration/Tests/DivisionTest/BasicDivisionTest.js",
      "beforeHooks": [],
      "afterHooks": [],
      "tests": [],
      "suites": [
        {
          "uuid": "8b6be02d-1218-4afb-9a64-4466cbc342ca",
          "title": "Automation Test Suite to test basic functionality of Division",
          "fullFile": "",
          "file": "",
          "beforeHooks": [],
          "afterHooks": [],
          "tests": [
            {
              "title": "Divide by zero test",
              "fullTitle": "Automation Test Suite to test basic functionality of Division Divide by zero test",
              "timedOut": null,
              "duration": 2376,
              "state": "failed",
              "speed": null,
              "pass": false,
              "fail": true,
              "pending": false,
              "context": null,
              "code": "calculatorPage.getACKey().click();\ntry {\n  calculatorPage.getOneKey().click();\n  calculatorPage.getDivisionKey().click();\n  calculatorPage.getZeroKey().click();\n  calculatorPage.getEqualsKey().click();\n} catch (error) {\n  console.log(\"Input is not Proper\", error);\n}\ncalculatorPage.getResult().should(\"have.text\", \"Error: [big.js] Division by zero\");",
              "err": {
                "message": "Error: The following error originated from your application code, not from Cypress.\n\n  > [big.js] Division by zero\n\nWhen Cypress detects uncaught errors originating from your application it will automatically fail the current test.\n\nThis behavior is configurable, and you can choose to turn this off by listening to the `uncaught:exception` event.\n\nhttps://on.cypress.io/uncaught-exception-from-application",
                "estack": "Error: The following error originated from your application code, not from Cypress.\n\n  > [big.js] Division by zero\n\nWhen Cypress detects uncaught errors originating from your application it will automatically fail the current test.\n\nThis behavior is configurable, and you can choose to turn this off by listening to the `uncaught:exception` event.\n\nhttps://on.cypress.io/uncaught-exception-from-application\n    at Big.push../node_modules/big.js/big.js.P.div (http://localhost:3000/static/js/0.chunk.js:602:22)\n    at operate (http://localhost:3000/static/js/main.chunk.js:1010:18)\n    at calculate (http://localhost:3000/static/js/main.chunk.js:901:72)\n    at Object.App.handleClick [as clickHandler] (http://localhost:3000/static/js/main.chunk.js:166:85)\n    at Object.ButtonPanel.handleClick [as clickHandler] (http://localhost:3000/static/js/main.chunk.js:394:18)\n    at Button.handleClick (http://localhost:3000/static/js/main.chunk.js:279:18)\n    at HTMLUnknownElement.callCallback (http://localhost:3000/static/js/0.chunk.js:6865:18)\n    at Object.invokeGuardedCallbackDev (http://localhost:3000/static/js/0.chunk.js:6914:20)\n    at invokeGuardedCallback (http://localhost:3000/static/js/0.chunk.js:6967:35)\n    at invokeGuardedCallbackAndCatchFirstError (http://localhost:3000/static/js/0.chunk.js:6982:29)\n    at executeDispatch (http://localhost:3000/static/js/0.chunk.js:7067:7)\n    at executeDispatchesInOrder (http://localhost:3000/static/js/0.chunk.js:7092:9)\n    at executeDispatchesAndRelease (http://localhost:3000/static/js/0.chunk.js:9976:9)\n    at executeDispatchesAndReleaseTopLevel (http://localhost:3000/static/js/0.chunk.js:9985:14)\n    at forEachAccumulated (http://localhost:3000/static/js/0.chunk.js:9957:12)\n    at runEventsInBatch (http://localhost:3000/static/js/0.chunk.js:10002:7)\n    at runExtractedPluginEventsInBatch (http://localhost:3000/static/js/0.chunk.js:10212:7)\n    at handleTopLevel (http://localhost:3000/static/js/0.chunk.js:10256:9)\n    at batchedEventUpdates$1 (http://localhost:3000/static/js/0.chunk.js:28402:16)\n    at batchedEventUpdates (http://localhost:3000/static/js/0.chunk.js:7474:16)\n    at dispatchEventForLegacyPluginEventSystem (http://localhost:3000/static/js/0.chunk.js:10266:9)\n    at attemptToDispatchEvent (http://localhost:3000/static/js/0.chunk.js:10986:9)\n    at dispatchEvent (http://localhost:3000/static/js/0.chunk.js:10907:23)\n    at unstable_runWithPriority (http://localhost:3000/static/js/0.chunk.js:36807:16)\n    at runWithPriority$1 (http://localhost:3000/static/js/0.chunk.js:17752:14)\n    at discreteUpdates$1 (http://localhost:3000/static/js/0.chunk.js:28419:16)\n    at discreteUpdates (http://localhost:3000/static/js/0.chunk.js:7487:16)\n    at dispatchDiscreteEvent (http://localhost:3000/static/js/0.chunk.js:10886:7)",
                "diff": null
              },
              "uuid": "6190dbf4-0fcf-4911-85ac-b4fdb5080e87",
              "parentUUID": "8b6be02d-1218-4afb-9a64-4466cbc342ca",
              "isHook": false,
              "skipped": false
            },
            {
              "title": "Random single digit divison test",
              "fullTitle": "Automation Test Suite to test basic functionality of Division Random single digit divison test",
              "timedOut": null,
              "duration": 352,
              "state": "passed",
              "speed": "slow",
              "pass": true,
              "fail": false,
              "pending": false,
              "context": null,
              "code": "calculatorPage.getACKey().click();",
              "err": {},
              "uuid": "b08fc75e-b3f6-4ee3-bb8d-a58de4e8e408",
              "parentUUID": "8b6be02d-1218-4afb-9a64-4466cbc342ca",
              "isHook": false,
              "skipped": false
            }
          ],
          "suites": [],
          "passes": [
            "b08fc75e-b3f6-4ee3-bb8d-a58de4e8e408"
          ],
          "failures": [
            "6190dbf4-0fcf-4911-85ac-b4fdb5080e87"
          ],
          "pending": [],
          "skipped": [],
          "duration": 2728,
          "root": false,
          "rootEmpty": false,
          "_timeout": 2000
        }
      ],
      "passes": [],
      "failures": [],
      "pending": [],
      "skipped": [],
      "duration": 0,
      "root": true,
      "rootEmpty": true,
      "_timeout": 2000
    },
    {
      "uuid": "9fc963da-2558-41bf-9407-72d2593e15fb",
      "title": "",
      "fullFile": "cypress/integration/Tests/AdditionTest/Test1.js",
      "file": "cypress/integration/Tests/AdditionTest/Test1.js",
      "beforeHooks": [],
      "afterHooks": [],
      "tests": [],
      "suites": [
        {
          "uuid": "93c194b5-6480-4798-a536-b82204e8a624",
          "title": "Automation Test Suite to check Addition",
          "fullFile": "",
          "file": "",
          "beforeHooks": [],
          "afterHooks": [],
          "tests": [
            {
              "title": "Add 2 single digit numbers",
              "fullTitle": "Automation Test Suite to check Addition Add 2 single digit numbers",
              "timedOut": null,
              "duration": 3265,
              "state": "passed",
              "speed": "slow",
              "pass": true,
              "fail": false,
              "pending": false,
              "context": null,
              "code": "calculatorPage.getACKey().click();\ncalculatorPage.getFiveKey().click(); //5\ncalculatorPage.getResult().should(\"have.text\", \"5\");\ncalculatorPage.getPlusKey().click(); //+\ncalculatorPage.getResult().should(\"have.text\", \"5\");\ncalculatorPage.getThreeKey().click(); //3\ncalculatorPage.getResult().should(\"have.text\", \"3\");\ncalculatorPage.getEqualsKey().click();\ncalculatorPage.getResult().should(\"have.text\", \"8\"); //8\ncalculatorPage.getACKey().click();\ncalculatorPage.getNineKey().click(); //9\ncalculatorPage.getResult().should(\"have.text\", \"9\");\ncalculatorPage.getPlusKey().click(); //+\ncalculatorPage.getResult().should(\"have.text\", \"9\");\ncalculatorPage.getSevenKey().click(); //7\ncalculatorPage.getResult().should(\"have.text\", \"7\");\ncalculatorPage.getEqualsKey().click();\ncalculatorPage.getResult().should(\"have.text\", \"16\");\ncalculatorPage.getACKey().click();\ncalculatorPage.getResult().should(\"have.text\", \"0\");\ncalculatorPage.getOneKey().click(); //1\ncalculatorPage.getResult().should(\"have.text\", \"1\");\ncalculatorPage.getPlusKey().click(); //+\ncalculatorPage.getResult().should(\"have.text\", \"1\");\ncalculatorPage.getEightKey().click(); //8\ncalculatorPage.getResult().should(\"have.text\", \"8\");\ncalculatorPage.getEqualsKey().click();\ncalculatorPage.getResult().should(\"have.text\", \"9\");\ncalculatorPage.getACKey().click();\ncalculatorPage.getResult().should(\"have.text\", \"0\");\ncalculatorPage.getFourKey().click(); //4\ncalculatorPage.getResult().should(\"have.text\", \"4\");\ncalculatorPage.getPlusKey().click(); //+\ncalculatorPage.getResult().should(\"have.text\", \"4\");\ncalculatorPage.getSixKey().click(); //6\ncalculatorPage.getResult().should(\"have.text\", \"6\");\ncalculatorPage.getEqualsKey().click();\ncalculatorPage.getResult().should(\"have.text\", \"10\");",
              "err": {},
              "uuid": "79fca9e8-7f32-4b86-94e4-119f18d37b6b",
              "parentUUID": "93c194b5-6480-4798-a536-b82204e8a624",
              "isHook": false,
              "skipped": false
            },
            {
              "title": "Verify addition of 2 digits numbers",
              "fullTitle": "Automation Test Suite to check Addition Verify addition of 2 digits numbers",
              "timedOut": null,
              "duration": 924,
              "state": "passed",
              "speed": "slow",
              "pass": true,
              "fail": false,
              "pending": false,
              "context": null,
              "code": "calculatorPage.getACKey().click();\ncalculatorPage.getResult().should(\"have.text\", \"0\");\ncalculatorPage.getSevenKey().click(); //7\ncalculatorPage.getResult().should(\"have.text\", \"7\");\ncalculatorPage.getOneKey().click(); //71\ncalculatorPage.getResult().should(\"have.text\", \"71\");\ncalculatorPage.getPlusKey().click(); //71\ncalculatorPage.getResult().should(\"have.text\", \"71\");\ncalculatorPage.getEightKey().click(); //8\ncalculatorPage.getResult().should(\"have.text\", \"8\");\ncalculatorPage.getNineKey().click(); //89\ncalculatorPage.getResult().should(\"have.text\", \"89\");\ncalculatorPage.getEqualsKey().click(); //160\ncalculatorPage.getResult().should(\"have.text\", \"160\");",
              "err": {},
              "uuid": "e9748352-d289-4db6-b1ae-67aa3e822d9d",
              "parentUUID": "93c194b5-6480-4798-a536-b82204e8a624",
              "isHook": false,
              "skipped": false
            },
            {
              "title": "Verify cliking on + button after clicking +/- results nothing",
              "fullTitle": "Automation Test Suite to check Addition Verify cliking on + button after clicking +/- results nothing",
              "timedOut": null,
              "duration": 498,
              "state": "passed",
              "speed": "slow",
              "pass": true,
              "fail": false,
              "pending": false,
              "context": null,
              "code": "calculatorPage.getACKey().click();\ncalculatorPage.getPlusMinusKey().click();\ncalculatorPage.getResult().should(\"have.text\", \"0\");\ncalculatorPage.getPlusKey().click();\ncalculatorPage.getResult().should(\"have.text\", \"0\");",
              "err": {},
              "uuid": "73521167-735d-42b4-ae07-7389c0b0bfcc",
              "parentUUID": "93c194b5-6480-4798-a536-b82204e8a624",
              "isHook": false,
              "skipped": false
            },
            {
              "title": "Verify cliking on + button after clicking % results nothing",
              "fullTitle": "Automation Test Suite to check Addition Verify cliking on + button after clicking % results nothing",
              "timedOut": null,
              "duration": 467,
              "state": "passed",
              "speed": "slow",
              "pass": true,
              "fail": false,
              "pending": false,
              "context": null,
              "code": "calculatorPage.getACKey().click();\ncalculatorPage.getPercentageKey().click();\ncalculatorPage.getResult().should(\"have.text\", \"0\");\ncalculatorPage.getPlusKey().click();\ncalculatorPage.getResult().should(\"have.text\", \"0\");",
              "err": {},
              "uuid": "4c677e86-4e89-4cc8-ae4c-53d7f711f5da",
              "parentUUID": "93c194b5-6480-4798-a536-b82204e8a624",
              "isHook": false,
              "skipped": false
            },
            {
              "title": "Verify cliking on + button after clicking division button results nothing",
              "fullTitle": "Automation Test Suite to check Addition Verify cliking on + button after clicking division button results nothing",
              "timedOut": null,
              "duration": 498,
              "state": "passed",
              "speed": "slow",
              "pass": true,
              "fail": false,
              "pending": false,
              "context": null,
              "code": "calculatorPage.getACKey().click();\ncalculatorPage.getDivisionKey().click();\ncalculatorPage.getResult().should(\"have.text\", \"0\");\ncalculatorPage.getPlusKey().click();\ncalculatorPage.getResult().should(\"have.text\", \"0\");",
              "err": {},
              "uuid": "97bd791f-326c-436d-9dfb-72faa89431e9",
              "parentUUID": "93c194b5-6480-4798-a536-b82204e8a624",
              "isHook": false,
              "skipped": false
            },
            {
              "title": "Verify cliking on + button after clicking multiplication button results nothing",
              "fullTitle": "Automation Test Suite to check Addition Verify cliking on + button after clicking multiplication button results nothing",
              "timedOut": null,
              "duration": 516,
              "state": "passed",
              "speed": "slow",
              "pass": true,
              "fail": false,
              "pending": false,
              "context": null,
              "code": "calculatorPage.getACKey().click();\ncalculatorPage.getMultiplicationKey().click();\ncalculatorPage.getResult().should(\"have.text\", \"0\");\ncalculatorPage.getPlusKey().click();\ncalculatorPage.getResult().should(\"have.text\", \"0\");",
              "err": {},
              "uuid": "84a60f32-6984-4bbd-b54e-6506ea900ea6",
              "parentUUID": "93c194b5-6480-4798-a536-b82204e8a624",
              "isHook": false,
              "skipped": false
            },
            {
              "title": "Verify cliking on + button after clicking minus button results nothing",
              "fullTitle": "Automation Test Suite to check Addition Verify cliking on + button after clicking minus button results nothing",
              "timedOut": null,
              "duration": 538,
              "state": "passed",
              "speed": "slow",
              "pass": true,
              "fail": false,
              "pending": false,
              "context": null,
              "code": "calculatorPage.getACKey().click();\ncalculatorPage.getMinusKey().click();\ncalculatorPage.getResult().should(\"have.text\", \"0\");\ncalculatorPage.getPlusKey().click();\ncalculatorPage.getResult().should(\"have.text\", \"0\");",
              "err": {},
              "uuid": "2e0287b9-9038-4f3d-92e3-93fcb1ba3967",
              "parentUUID": "93c194b5-6480-4798-a536-b82204e8a624",
              "isHook": false,
              "skipped": false
            }
          ],
          "suites": [],
          "passes": [
            "79fca9e8-7f32-4b86-94e4-119f18d37b6b",
            "e9748352-d289-4db6-b1ae-67aa3e822d9d",
            "73521167-735d-42b4-ae07-7389c0b0bfcc",
            "4c677e86-4e89-4cc8-ae4c-53d7f711f5da",
            "97bd791f-326c-436d-9dfb-72faa89431e9",
            "84a60f32-6984-4bbd-b54e-6506ea900ea6",
            "2e0287b9-9038-4f3d-92e3-93fcb1ba3967"
          ],
          "failures": [],
          "pending": [],
          "skipped": [],
          "duration": 6706,
          "root": false,
          "rootEmpty": false,
          "_timeout": 2000
        }
      ],
      "passes": [],
      "failures": [],
      "pending": [],
      "skipped": [],
      "duration": 0,
      "root": true,
      "rootEmpty": true,
      "_timeout": 2000
    }
  ],
  "meta": {
    "mocha": {
      "version": "7.0.1"
    },
    "mochawesome": {
      "options": {
        "quiet": false,
        "reportFilename": "mochawesome",
        "saveHtml": true,
        "saveJson": true,
        "consoleReporter": "spec",
        "useInlineDiffs": false,
        "code": true
      },
      "version": "6.2.2"
    },
    "marge": {
      "options": {
        "reportDir": "cypress/reports",
        "reportFileName": "reports",
        "overwrite": "false",
        "html": "true",
        "json": "true"
      },
      "version": "5.2.0"
    }
  }
}